<?xml version="1.0" encoding="UTF-8"?>
<coverage generated="1779711703584" clover="3.2.0">
  <project timestamp="1779711703584" name="All files">
    <metrics statements="11" coveredstatements="11" conditionals="13" coveredconditionals="13" methods="2" coveredmethods="2" elements="26" coveredelements="26" complexity="0" loc="11" ncloc="11" packages="1" files="1" classes="1"/>
    <file name="detection-service.js" path="/home/hate/yado/src/services/detection-service.js">
      <metrics statements="11" coveredstatements="11" conditionals="13" coveredconditionals="13" methods="2" coveredmethods="2"/>
      <line num="19" count="4" type="stmt"/>
      <line num="21" count="4" type="cond" truecount="4" falsecount="0"/>
      <line num="22" count="2" type="stmt"/>
      <line num="24" count="2" type="cond" truecount="5" falsecount="0"/>
      <line num="25" count="1" type="stmt"/>
      <line num="27" count="1" type="stmt"/>
      <line num="37" count="3" type="stmt"/>
      <line num="39" count="3" type="cond" truecount="4" falsecount="0"/>
      <line num="40" count="1" type="stmt"/>
      <line num="42" count="2" type="stmt"/>
      <line num="46" count="1" type="stmt"/>
    </file>
  </project>
</coverage>
