{"/home/hate/yado/index.js": {"path":"/home/hate/yado/index.js","statementMap":{"0":{"start":{"line":6,"column":11},"end":{"line":6,"column":24}},"1":{"start":{"line":7,"column":13},"end":{"line":7,"column":28}},"2":{"start":{"line":8,"column":33},"end":{"line":8,"column":67}},"3":{"start":{"line":9,"column":24},"end":{"line":9,"column":64}},"4":{"start":{"line":10,"column":25},"end":{"line":10,"column":68}},"5":{"start":{"line":20,"column":4},"end":{"line":20,"column":75}},"6":{"start":{"line":22,"column":4},"end":{"line":33,"column":6}},"7":{"start":{"line":41,"column":4},"end":{"line":41,"column":91}},"8":{"start":{"line":42,"column":4},"end":{"line":42,"column":73}},"9":{"start":{"line":43,"column":4},"end":{"line":43,"column":89}},"10":{"start":{"line":45,"column":4},"end":{"line":83,"column":5}},"11":{"start":{"line":47,"column":33},"end":{"line":47,"column":55}},"12":{"start":{"line":50,"column":32},"end":{"line":50,"column":74}},"13":{"start":{"line":50,"column":70},"end":{"line":50,"column":72}},"14":{"start":{"line":52,"column":32},"end":{"line":52,"column":86}},"15":{"start":{"line":55,"column":34},"end":{"line":55,"column":73}},"16":{"start":{"line":58,"column":26},"end":{"line":58,"column":72}},"17":{"start":{"line":59,"column":31},"end":{"line":59,"column":65}},"18":{"start":{"line":60,"column":27},"end":{"line":60,"column":65}},"19":{"start":{"line":62,"column":28},"end":{"line":70,"column":10}},"20":{"start":{"line":72,"column":27},"end":{"line":72,"column":63}},"21":{"start":{"line":73,"column":8},"end":{"line":73,"column":49}},"22":{"start":{"line":75,"column":8},"end":{"line":75,"column":95}},"23":{"start":{"line":76,"column":8},"end":{"line":76,"column":58}},"24":{"start":{"line":77,"column":8},"end":{"line":77,"column":54}},"25":{"start":{"line":78,"column":8},"end":{"line":78,"column":93}},"26":{"start":{"line":81,"column":8},"end":{"line":81,"column":80}},"27":{"start":{"line":82,"column":8},"end":{"line":82,"column":24}},"28":{"start":{"line":90,"column":17},"end":{"line":90,"column":38}},"29":{"start":{"line":91,"column":29},"end":{"line":91,"column":69}},"30":{"start":{"line":93,"column":4},"end":{"line":96,"column":5}},"31":{"start":{"line":94,"column":8},"end":{"line":94,"column":74}},"32":{"start":{"line":95,"column":8},"end":{"line":95,"column":15}},"33":{"start":{"line":99,"column":30},"end":{"line":99,"column":62}},"34":{"start":{"line":101,"column":4},"end":{"line":104,"column":5}},"35":{"start":{"line":102,"column":8},"end":{"line":102,"column":124}},"36":{"start":{"line":103,"column":8},"end":{"line":103,"column":15}},"37":{"start":{"line":106,"column":4},"end":{"line":106,"column":71}},"38":{"start":{"line":110,"column":19},"end":{"line":110,"column":21}},"39":{"start":{"line":111,"column":4},"end":{"line":114,"column":5}},"40":{"start":{"line":112,"column":27},"end":{"line":112,"column":58}},"41":{"start":{"line":113,"column":8},"end":{"line":113,"column":47}},"42":{"start":{"line":116,"column":4},"end":{"line":119,"column":5}},"43":{"start":{"line":117,"column":8},"end":{"line":117,"column":72}},"44":{"start":{"line":118,"column":8},"end":{"line":118,"column":15}},"45":{"start":{"line":121,"column":4},"end":{"line":121,"column":41}},"46":{"start":{"line":124,"column":0},"end":{"line":124,"column":7}}},"fnMap":{"0":{"name":"listFilesFromRclone","decl":{"start":{"line":19,"column":15},"end":{"line":19,"column":34}},"loc":{"start":{"line":19,"column":48},"end":{"line":34,"column":1}}},"1":{"name":"compileMigrationPlan","decl":{"start":{"line":40,"column":15},"end":{"line":40,"column":35}},"loc":{"start":{"line":40,"column":44},"end":{"line":84,"column":1}}},"2":{"name":"(anonymous_2)","decl":{"start":{"line":50,"column":58},"end":{"line":50,"column":63}},"loc":{"start":{"line":50,"column":70},"end":{"line":50,"column":72}}},"3":{"name":"main","decl":{"start":{"line":89,"column":15},"end":{"line":89,"column":19}},"loc":{"start":{"line":89,"column":19},"end":{"line":122,"column":1}}}},"branchMap":{"0":{"loc":{"start":{"line":93,"column":4},"end":{"line":96,"column":5}},"type":"if","locations":[{"start":{"line":93,"column":4},"end":{"line":96,"column":5}},{"start":{},"end":{}}]},"1":{"loc":{"start":{"line":101,"column":4},"end":{"line":104,"column":5}},"type":"if","locations":[{"start":{"line":101,"column":4},"end":{"line":104,"column":5}},{"start":{},"end":{}}]},"2":{"loc":{"start":{"line":116,"column":4},"end":{"line":119,"column":5}},"type":"if","locations":[{"start":{"line":116,"column":4},"end":{"line":119,"column":5}},{"start":{},"end":{}}]}},"s":{"0":1,"1":1,"2":1,"3":1,"4":1,"5":0,"6":0,"7":0,"8":0,"9":0,"10":0,"11":0,"12":0,"13":0,"14":0,"15":0,"16":0,"17":0,"18":0,"19":0,"20":0,"21":0,"22":0,"23":0,"24":0,"25":0,"26":0,"27":0,"28":1,"29":1,"30":1,"31":1,"32":1,"33":0,"34":0,"35":0,"36":0,"37":0,"38":0,"39":0,"40":0,"41":0,"42":0,"43":0,"44":0,"45":0,"46":1},"f":{"0":0,"1":0,"2":0,"3":1},"b":{"0":[1,0],"1":[0,0],"2":[0,0]}}
,"/home/hate/yado/rcloneTools.js": {"path":"/home/hate/yado/rcloneTools.js","statementMap":{"0":{"start":{"line":7,"column":21},"end":{"line":7,"column":45}},"1":{"start":{"line":8,"column":29},"end":{"line":8,"column":51}},"2":{"start":{"line":9,"column":13},"end":{"line":9,"column":28}},"3":{"start":{"line":10,"column":17},"end":{"line":10,"column":41}},"4":{"start":{"line":12,"column":15},"end":{"line":12,"column":20}},"5":{"start":{"line":13,"column":20},"end":{"line":13,"column":29}},"6":{"start":{"line":42,"column":20},"end":{"line":296,"column":2}},"7":{"start":{"line":48,"column":4},"end":{"line":91,"column":5}},"8":{"start":{"line":49,"column":6},"end":{"line":49,"column":76}},"9":{"start":{"line":52,"column":21},"end":{"line":54,"column":null}},"10":{"start":{"line":57,"column":23},"end":{"line":57,"column":49}},"11":{"start":{"line":58,"column":22},"end":{"line":58,"column":24}},"12":{"start":{"line":60,"column":6},"end":{"line":74,"column":9}},"13":{"start":{"line":62,"column":8},"end":{"line":73,"column":9}},"14":{"start":{"line":63,"column":23},"end":{"line":63,"column":38}},"15":{"start":{"line":64,"column":10},"end":{"line":66,"column":11}},"16":{"start":{"line":65,"column":12},"end":{"line":65,"column":31}},"17":{"start":{"line":67,"column":10},"end":{"line":72,"column":13}},"18":{"start":{"line":76,"column":30},"end":{"line":76,"column":32}},"19":{"start":{"line":77,"column":20},"end":{"line":77,"column":21}},"20":{"start":{"line":79,"column":6},"end":{"line":84,"column":9}},"21":{"start":{"line":80,"column":8},"end":{"line":83,"column":9}},"22":{"start":{"line":81,"column":10},"end":{"line":81,"column":48}},"23":{"start":{"line":82,"column":10},"end":{"line":82,"column":48}},"24":{"start":{"line":86,"column":6},"end":{"line":86,"column":133}},"25":{"start":{"line":87,"column":6},"end":{"line":87,"column":29}},"26":{"start":{"line":89,"column":6},"end":{"line":89,"column":78}},"27":{"start":{"line":90,"column":6},"end":{"line":90,"column":16}},"28":{"start":{"line":101,"column":4},"end":{"line":105,"column":6}},"29":{"start":{"line":114,"column":4},"end":{"line":114,"column":70}},"30":{"start":{"line":116,"column":4},"end":{"line":148,"column":5}},"31":{"start":{"line":118,"column":22},"end":{"line":118,"column":61}},"32":{"start":{"line":119,"column":6},"end":{"line":119,"column":51}},"33":{"start":{"line":121,"column":21},"end":{"line":130,"column":8}},"34":{"start":{"line":122,"column":8},"end":{"line":129,"column":11}},"35":{"start":{"line":123,"column":10},"end":{"line":127,"column":11}},"36":{"start":{"line":124,"column":12},"end":{"line":124,"column":62}},"37":{"start":{"line":125,"column":12},"end":{"line":125,"column":55}},"38":{"start":{"line":126,"column":12},"end":{"line":126,"column":19}},"39":{"start":{"line":128,"column":10},"end":{"line":128,"column":26}},"40":{"start":{"line":132,"column":20},"end":{"line":132,"column":38}},"41":{"start":{"line":133,"column":6},"end":{"line":135,"column":7}},"42":{"start":{"line":134,"column":8},"end":{"line":134,"column":72}},"43":{"start":{"line":138,"column":19},"end":{"line":138,"column":60}},"44":{"start":{"line":139,"column":22},"end":{"line":139,"column":60}},"45":{"start":{"line":141,"column":6},"end":{"line":144,"column":8}},"46":{"start":{"line":146,"column":6},"end":{"line":146,"column":79}},"47":{"start":{"line":147,"column":6},"end":{"line":147,"column":18}},"48":{"start":{"line":158,"column":4},"end":{"line":162,"column":6}},"49":{"start":{"line":170,"column":4},"end":{"line":190,"column":5}},"50":{"start":{"line":172,"column":30},"end":{"line":172,"column":75}},"51":{"start":{"line":173,"column":29},"end":{"line":173,"column":68}},"52":{"start":{"line":174,"column":29},"end":{"line":174,"column":67}},"53":{"start":{"line":177,"column":28},"end":{"line":177,"column":57}},"54":{"start":{"line":180,"column":6},"end":{"line":180,"column":58}},"55":{"start":{"line":184,"column":6},"end":{"line":184,"column":62}},"56":{"start":{"line":186,"column":6},"end":{"line":186,"column":66}},"57":{"start":{"line":188,"column":6},"end":{"line":188,"column":60}},"58":{"start":{"line":189,"column":6},"end":{"line":189,"column":66}},"59":{"start":{"line":198,"column":17},"end":{"line":202,"column":6}},"60":{"start":{"line":205,"column":19},"end":{"line":205,"column":28}},"61":{"start":{"line":206,"column":4},"end":{"line":206,"column":31}},"62":{"start":{"line":208,"column":4},"end":{"line":231,"column":7}},"63":{"start":{"line":209,"column":23},"end":{"line":209,"column":32}},"64":{"start":{"line":210,"column":25},"end":{"line":210,"column":47}},"65":{"start":{"line":212,"column":6},"end":{"line":219,"column":7}},"66":{"start":{"line":213,"column":27},"end":{"line":213,"column":52}},"67":{"start":{"line":214,"column":8},"end":{"line":218,"column":11}},"68":{"start":{"line":221,"column":21},"end":{"line":221,"column":43}},"69":{"start":{"line":222,"column":6},"end":{"line":230,"column":7}},"70":{"start":{"line":222,"column":51},"end":{"line":222,"column":74}},"71":{"start":{"line":223,"column":8},"end":{"line":229,"column":11}},"72":{"start":{"line":233,"column":4},"end":{"line":233,"column":16}},"73":{"start":{"line":241,"column":20},"end":{"line":241,"column":21}},"74":{"start":{"line":242,"column":20},"end":{"line":242,"column":21}},"75":{"start":{"line":244,"column":4},"end":{"line":249,"column":7}},"76":{"start":{"line":245,"column":6},"end":{"line":248,"column":7}},"77":{"start":{"line":246,"column":8},"end":{"line":246,"column":20}},"78":{"start":{"line":247,"column":8},"end":{"line":247,"column":36}},"79":{"start":{"line":251,"column":4},"end":{"line":254,"column":6}},"80":{"start":{"line":263,"column":4},"end":{"line":270,"column":5}},"81":{"start":{"line":264,"column":6},"end":{"line":264,"column":53}},"82":{"start":{"line":265,"column":6},"end":{"line":265,"column":48}},"83":{"start":{"line":266,"column":6},"end":{"line":266,"column":44}},"84":{"start":{"line":268,"column":6},"end":{"line":268,"column":79}},"85":{"start":{"line":269,"column":6},"end":{"line":269,"column":54}},"86":{"start":{"line":279,"column":24},"end":{"line":279,"column":26}},"87":{"start":{"line":281,"column":4},"end":{"line":294,"column":5}},"88":{"start":{"line":282,"column":6},"end":{"line":288,"column":9}},"89":{"start":{"line":284,"column":25},"end":{"line":286,"column":10}},"90":{"start":{"line":285,"column":10},"end":{"line":285,"column":89}},"91":{"start":{"line":287,"column":8},"end":{"line":287,"column":40}},"92":{"start":{"line":290,"column":6},"end":{"line":290,"column":57}},"93":{"start":{"line":292,"column":6},"end":{"line":292,"column":86}},"94":{"start":{"line":293,"column":6},"end":{"line":293,"column":71}}},"fnMap":{"0":{"name":"(anonymous_0)","decl":{"start":{"line":47,"column":26},"end":{"line":47,"column":29}},"loc":{"start":{"line":47,"column":31},"end":{"line":92,"column":3}}},"1":{"name":"(anonymous_1)","decl":{"start":{"line":60,"column":23},"end":{"line":60,"column":27}},"loc":{"start":{"line":60,"column":30},"end":{"line":74,"column":7}}},"2":{"name":"(anonymous_2)","decl":{"start":{"line":79,"column":35},"end":{"line":79,"column":39}},"loc":{"start":{"line":79,"column":42},"end":{"line":84,"column":7}}},"3":{"name":"(anonymous_3)","decl":{"start":{"line":100,"column":2},"end":{"line":100,"column":7}},"loc":{"start":{"line":100,"column":56},"end":{"line":106,"column":3}}},"4":{"name":"(anonymous_4)","decl":{"start":{"line":113,"column":2},"end":{"line":113,"column":7}},"loc":{"start":{"line":113,"column":33},"end":{"line":149,"column":3}}},"5":{"name":"(anonymous_5)","decl":{"start":{"line":121,"column":39},"end":{"line":121,"column":40}},"loc":{"start":{"line":121,"column":59},"end":{"line":130,"column":7}}},"6":{"name":"(anonymous_6)","decl":{"start":{"line":122,"column":22},"end":{"line":122,"column":23}},"loc":{"start":{"line":122,"column":48},"end":{"line":129,"column":9}}},"7":{"name":"(anonymous_7)","decl":{"start":{"line":157,"column":2},"end":{"line":157,"column":7}},"loc":{"start":{"line":157,"column":51},"end":{"line":163,"column":3}}},"8":{"name":"(anonymous_8)","decl":{"start":{"line":169,"column":2},"end":{"line":169,"column":7}},"loc":{"start":{"line":169,"column":49},"end":{"line":191,"column":3}}},"9":{"name":"(anonymous_9)","decl":{"start":{"line":197,"column":2},"end":{"line":197,"column":21}},"loc":{"start":{"line":197,"column":37},"end":{"line":234,"column":3}}},"10":{"name":"(anonymous_10)","decl":{"start":{"line":208,"column":18},"end":{"line":208,"column":22}},"loc":{"start":{"line":208,"column":25},"end":{"line":231,"column":5}}},"11":{"name":"(anonymous_11)","decl":{"start":{"line":222,"column":42},"end":{"line":222,"column":47}},"loc":{"start":{"line":222,"column":51},"end":{"line":222,"column":74}}},"12":{"name":"(anonymous_12)","decl":{"start":{"line":240,"column":2},"end":{"line":240,"column":28}},"loc":{"start":{"line":240,"column":34},"end":{"line":255,"column":3}}},"13":{"name":"(anonymous_13)","decl":{"start":{"line":244,"column":18},"end":{"line":244,"column":22}},"loc":{"start":{"line":244,"column":25},"end":{"line":249,"column":5}}},"14":{"name":"(anonymous_14)","decl":{"start":{"line":262,"column":2},"end":{"line":262,"column":12}},"loc":{"start":{"line":262,"column":21},"end":{"line":271,"column":3}}},"15":{"name":"(anonymous_15)","decl":{"start":{"line":278,"column":2},"end":{"line":278,"column":16}},"loc":{"start":{"line":278,"column":32},"end":{"line":295,"column":3}}},"16":{"name":"(anonymous_16)","decl":{"start":{"line":282,"column":45},"end":{"line":282,"column":50}},"loc":{"start":{"line":282,"column":53},"end":{"line":288,"column":7}}},"17":{"name":"(anonymous_17)","decl":{"start":{"line":284,"column":38},"end":{"line":284,"column":39}},"loc":{"start":{"line":284,"column":58},"end":{"line":286,"column":9}}}},"branchMap":{"0":{"loc":{"start":{"line":57,"column":34},"end":{"line":57,"column":48}},"type":"binary-expr","locations":[{"start":{"line":57,"column":34},"end":{"line":57,"column":40}},{"start":{"line":57,"column":44},"end":{"line":57,"column":48}}]},"1":{"loc":{"start":{"line":62,"column":8},"end":{"line":73,"column":9}},"type":"if","locations":[{"start":{"line":62,"column":8},"end":{"line":73,"column":9}},{"start":{},"end":{}}]},"2":{"loc":{"start":{"line":62,"column":12},"end":{"line":62,"column":59}},"type":"binary-expr","locations":[{"start":{"line":62,"column":12},"end":{"line":62,"column":25}},{"start":{"line":62,"column":29},"end":{"line":62,"column":40}},{"start":{"line":62,"column":44},"end":{"line":62,"column":59}}]},"3":{"loc":{"start":{"line":64,"column":10},"end":{"line":66,"column":11}},"type":"if","locations":[{"start":{"line":64,"column":10},"end":{"line":66,"column":11}},{"start":{},"end":{}}]},"4":{"loc":{"start":{"line":80,"column":8},"end":{"line":83,"column":9}},"type":"if","locations":[{"start":{"line":80,"column":8},"end":{"line":83,"column":9}},{"start":{},"end":{}}]},"5":{"loc":{"start":{"line":123,"column":10},"end":{"line":127,"column":11}},"type":"if","locations":[{"start":{"line":123,"column":10},"end":{"line":127,"column":11}},{"start":{},"end":{}}]},"6":{"loc":{"start":{"line":125,"column":29},"end":{"line":125,"column":52}},"type":"binary-expr","locations":[{"start":{"line":125,"column":29},"end":{"line":125,"column":35}},{"start":{"line":125,"column":39},"end":{"line":125,"column":52}}]},"7":{"loc":{"start":{"line":133,"column":6},"end":{"line":135,"column":7}},"type":"if","locations":[{"start":{"line":133,"column":6},"end":{"line":135,"column":7}},{"start":{},"end":{}}]},"8":{"loc":{"start":{"line":133,"column":10},"end":{"line":133,"column":38}},"type":"binary-expr","locations":[{"start":{"line":133,"column":10},"end":{"line":133,"column":16}},{"start":{"line":133,"column":20},"end":{"line":133,"column":38}}]},"9":{"loc":{"start":{"line":212,"column":6},"end":{"line":219,"column":7}},"type":"if","locations":[{"start":{"line":212,"column":6},"end":{"line":219,"column":7}},{"start":{},"end":{}}]},"10":{"loc":{"start":{"line":222,"column":6},"end":{"line":230,"column":7}},"type":"if","locations":[{"start":{"line":222,"column":6},"end":{"line":230,"column":7}},{"start":{},"end":{}}]},"11":{"loc":{"start":{"line":222,"column":10},"end":{"line":222,"column":75}},"type":"binary-expr","locations":[{"start":{"line":222,"column":10},"end":{"line":222,"column":16}},{"start":{"line":222,"column":20},"end":{"line":222,"column":75}}]},"12":{"loc":{"start":{"line":227,"column":16},"end":{"line":227,"column":30}},"type":"binary-expr","locations":[{"start":{"line":227,"column":16},"end":{"line":227,"column":25}},{"start":{"line":227,"column":29},"end":{"line":227,"column":30}}]},"13":{"loc":{"start":{"line":245,"column":6},"end":{"line":248,"column":7}},"type":"if","locations":[{"start":{"line":245,"column":6},"end":{"line":248,"column":7}},{"start":{},"end":{}}]},"14":{"loc":{"start":{"line":247,"column":21},"end":{"line":247,"column":35}},"type":"binary-expr","locations":[{"start":{"line":247,"column":21},"end":{"line":247,"column":30}},{"start":{"line":247,"column":34},"end":{"line":247,"column":35}}]},"15":{"loc":{"start":{"line":285,"column":17},"end":{"line":285,"column":88}},"type":"cond-expr","locations":[{"start":{"line":285,"column":72},"end":{"line":285,"column":79}},{"start":{"line":285,"column":82},"end":{"line":285,"column":88}}]}},"s":{"0":1,"1":1,"2":1,"3":1,"4":1,"5":1,"6":1,"7":0,"8":0,"9":0,"10":0,"11":0,"12":0,"13":0,"14":0,"15":0,"16":0,"17":0,"18":0,"19":0,"20":0,"21":0,"22":0,"23":0,"24":0,"25":0,"26":0,"27":0,"28":0,"29":0,"30":0,"31":0,"32":0,"33":0,"34":0,"35":0,"36":0,"37":0,"38":0,"39":0,"40":0,"41":0,"42":0,"43":0,"44":0,"45":0,"46":0,"47":0,"48":0,"49":0,"50":0,"51":0,"52":0,"53":0,"54":0,"55":0,"56":0,"57":0,"58":0,"59":0,"60":0,"61":0,"62":0,"63":0,"64":0,"65":0,"66":0,"67":0,"68":0,"69":0,"70":0,"71":0,"72":0,"73":0,"74":0,"75":0,"76":0,"77":0,"78":0,"79":0,"80":0,"81":0,"82":0,"83":0,"84":0,"85":0,"86":0,"87":0,"88":0,"89":0,"90":0,"91":0,"92":0,"93":0,"94":0},"f":{"0":0,"1":0,"2":0,"3":0,"4":0,"5":0,"6":0,"7":0,"8":0,"9":0,"10":0,"11":0,"12":0,"13":0,"14":0,"15":0,"16":0,"17":0},"b":{"0":[0,0],"1":[0,0],"2":[0,0,0],"3":[0,0],"4":[0,0],"5":[0,0],"6":[0,0],"7":[0,0],"8":[0,0],"9":[0,0],"10":[0,0],"11":[0,0],"12":[0,0],"13":[0,0],"14":[0,0],"15":[0,0]}}
,"/home/hate/yado/src/api/ollamaClient.js": {"path":"/home/hate/yado/src/api/ollamaClient.js","statementMap":{"0":{"start":{"line":22,"column":4},"end":{"line":22,"column":72}},"1":{"start":{"line":34,"column":4},"end":{"line":34,"column":59}},"2":{"start":{"line":34,"column":33},"end":{"line":34,"column":57}},"3":{"start":{"line":37,"column":24},"end":{"line":37,"column":28}},"4":{"start":{"line":38,"column":27},"end":{"line":38,"column":29}},"5":{"start":{"line":39,"column":25},"end":{"line":39,"column":27}},"6":{"start":{"line":41,"column":20},"end":{"line":41,"column":57}},"7":{"start":{"line":42,"column":21},"end":{"line":42,"column":52}},"8":{"start":{"line":44,"column":4},"end":{"line":81,"column":5}},"9":{"start":{"line":46,"column":8},"end":{"line":46,"column":29}},"10":{"start":{"line":47,"column":8},"end":{"line":47,"column":43}},"11":{"start":{"line":48,"column":8},"end":{"line":51,"column":10}},"12":{"start":{"line":52,"column":11},"end":{"line":81,"column":5}},"13":{"start":{"line":54,"column":8},"end":{"line":54,"column":29}},"14":{"start":{"line":55,"column":8},"end":{"line":55,"column":46}},"15":{"start":{"line":56,"column":8},"end":{"line":59,"column":10}},"16":{"start":{"line":60,"column":11},"end":{"line":81,"column":5}},"17":{"start":{"line":62,"column":8},"end":{"line":62,"column":29}},"18":{"start":{"line":63,"column":8},"end":{"line":63,"column":39}},"19":{"start":{"line":64,"column":8},"end":{"line":67,"column":10}},"20":{"start":{"line":68,"column":11},"end":{"line":81,"column":5}},"21":{"start":{"line":70,"column":8},"end":{"line":70,"column":29}},"22":{"start":{"line":71,"column":8},"end":{"line":71,"column":35}},"23":{"start":{"line":72,"column":8},"end":{"line":75,"column":10}},"24":{"start":{"line":78,"column":8},"end":{"line":78,"column":29}},"25":{"start":{"line":79,"column":8},"end":{"line":79,"column":38}},"26":{"start":{"line":80,"column":8},"end":{"line":80,"column":127}},"27":{"start":{"line":83,"column":4},"end":{"line":83,"column":111}},"28":{"start":{"line":85,"column":4},"end":{"line":89,"column":6}},"29":{"start":{"line":95,"column":0},"end":{"line":97,"column":2}}},"fnMap":{"0":{"name":"classifyFileWithOllama","decl":{"start":{"line":21,"column":15},"end":{"line":21,"column":37}},"loc":{"start":{"line":21,"column":46},"end":{"line":90,"column":1}}},"1":{"name":"(anonymous_1)","decl":{"start":{"line":34,"column":22},"end":{"line":34,"column":29}},"loc":{"start":{"line":34,"column":33},"end":{"line":34,"column":57}}}},"branchMap":{"0":{"loc":{"start":{"line":44,"column":4},"end":{"line":81,"column":5}},"type":"if","locations":[{"start":{"line":44,"column":4},"end":{"line":81,"column":5}},{"start":{"line":52,"column":11},"end":{"line":81,"column":5}}]},"1":{"loc":{"start":{"line":44,"column":8},"end":{"line":44,"column":80}},"type":"binary-expr","locations":[{"start":{"line":44,"column":8},"end":{"line":44,"column":44}},{"start":{"line":44,"column":48},"end":{"line":44,"column":80}}]},"2":{"loc":{"start":{"line":52,"column":11},"end":{"line":81,"column":5}},"type":"if","locations":[{"start":{"line":52,"column":11},"end":{"line":81,"column":5}},{"start":{"line":60,"column":11},"end":{"line":81,"column":5}}]},"3":{"loc":{"start":{"line":52,"column":15},"end":{"line":52,"column":68}},"type":"binary-expr","locations":[{"start":{"line":52,"column":15},"end":{"line":52,"column":40}},{"start":{"line":52,"column":44},"end":{"line":52,"column":68}}]},"4":{"loc":{"start":{"line":60,"column":11},"end":{"line":81,"column":5}},"type":"if","locations":[{"start":{"line":60,"column":11},"end":{"line":81,"column":5}},{"start":{"line":68,"column":11},"end":{"line":81,"column":5}}]},"5":{"loc":{"start":{"line":60,"column":15},"end":{"line":60,"column":66}},"type":"binary-expr","locations":[{"start":{"line":60,"column":15},"end":{"line":60,"column":38}},{"start":{"line":60,"column":42},"end":{"line":60,"column":66}}]},"6":{"loc":{"start":{"line":68,"column":11},"end":{"line":81,"column":5}},"type":"if","locations":[{"start":{"line":68,"column":11},"end":{"line":81,"column":5}},{"start":{"line":76,"column":11},"end":{"line":81,"column":5}}]}},"s":{"0":0,"1":0,"2":0,"3":0,"4":0,"5":0,"6":0,"7":0,"8":0,"9":0,"10":0,"11":0,"12":0,"13":0,"14":0,"15":0,"16":0,"17":0,"18":0,"19":0,"20":0,"21":0,"22":0,"23":0,"24":0,"25":0,"26":0,"27":0,"28":0,"29":2},"f":{"0":0,"1":0},"b":{"0":[0,0],"1":[0,0],"2":[0,0],"3":[0,0],"4":[0,0],"5":[0,0],"6":[0,0]}}
,"/home/hate/yado/src/engine/migration-engine.js": {"path":"/home/hate/yado/src/engine/migration-engine.js","statementMap":{"0":{"start":{"line":14,"column":11},"end":{"line":14,"column":33}},"1":{"start":{"line":15,"column":13},"end":{"line":15,"column":28}},"2":{"start":{"line":16,"column":33},"end":{"line":16,"column":66}},"3":{"start":{"line":25,"column":20},"end":{"line":25,"column":52}},"4":{"start":{"line":27,"column":4},"end":{"line":27,"column":50}},"5":{"start":{"line":29,"column":35},"end":{"line":29,"column":65}},"6":{"start":{"line":62,"column":4},"end":{"line":62,"column":83}},"7":{"start":{"line":63,"column":4},"end":{"line":63,"column":88}},"8":{"start":{"line":64,"column":4},"end":{"line":64,"column":81}},"9":{"start":{"line":66,"column":21},"end":{"line":66,"column":63}},"10":{"start":{"line":67,"column":4},"end":{"line":69,"column":5}},"11":{"start":{"line":68,"column":8},"end":{"line":68,"column":74}},"12":{"start":{"line":72,"column":27},"end":{"line":72,"column":29}},"13":{"start":{"line":74,"column":4},"end":{"line":112,"column":5}},"14":{"start":{"line":75,"column":8},"end":{"line":111,"column":9}},"15":{"start":{"line":76,"column":12},"end":{"line":76,"column":90}},"16":{"start":{"line":79,"column":31},"end":{"line":79,"column":82}},"17":{"start":{"line":82,"column":34},"end":{"line":88,"column":14}},"18":{"start":{"line":91,"column":12},"end":{"line":105,"column":13}},"19":{"start":{"line":92,"column":16},"end":{"line":102,"column":17}},"20":{"start":{"line":93,"column":43},"end":{"line":93,"column":81}},"21":{"start":{"line":94,"column":20},"end":{"line":94,"column":66}},"22":{"start":{"line":95,"column":20},"end":{"line":95,"column":79}},"23":{"start":{"line":96,"column":20},"end":{"line":96,"column":85}},"24":{"start":{"line":98,"column":20},"end":{"line":98,"column":116}},"25":{"start":{"line":99,"column":20},"end":{"line":99,"column":76}},"26":{"start":{"line":100,"column":20},"end":{"line":100,"column":55}},"27":{"start":{"line":101,"column":20},"end":{"line":101,"column":124}},"28":{"start":{"line":104,"column":16},"end":{"line":104,"column":137}},"29":{"start":{"line":107,"column":12},"end":{"line":107,"column":47}},"30":{"start":{"line":110,"column":12},"end":{"line":110,"column":116}},"31":{"start":{"line":115,"column":19},"end":{"line":119,"column":6}},"32":{"start":{"line":121,"column":4},"end":{"line":121,"column":85}},"33":{"start":{"line":122,"column":4},"end":{"line":122,"column":90}},"34":{"start":{"line":123,"column":4},"end":{"line":123,"column":81}},"35":{"start":{"line":125,"column":4},"end":{"line":125,"column":18}},"36":{"start":{"line":135,"column":4},"end":{"line":135,"column":71}},"37":{"start":{"line":136,"column":18},"end":{"line":136,"column":20}},"38":{"start":{"line":140,"column":27},"end":{"line":145,"column":6}},"39":{"start":{"line":147,"column":4},"end":{"line":158,"column":5}},"40":{"start":{"line":149,"column":27},"end":{"line":149,"column":140}},"41":{"start":{"line":151,"column":8},"end":{"line":157,"column":11}},"42":{"start":{"line":160,"column":4},"end":{"line":160,"column":17}},"43":{"start":{"line":169,"column":24},"end":{"line":169,"column":55}},"44":{"start":{"line":170,"column":4},"end":{"line":170,"column":48}},"45":{"start":{"line":171,"column":4},"end":{"line":171,"column":77}},"46":{"start":{"line":177,"column":0},"end":{"line":181,"column":2}}},"fnMap":{"0":{"name":"extractAndStandardizeBSUID","decl":{"start":{"line":23,"column":15},"end":{"line":23,"column":41}},"loc":{"start":{"line":23,"column":50},"end":{"line":28,"column":1}}},"1":{"name":"generateMigrationPlan","decl":{"start":{"line":61,"column":15},"end":{"line":61,"column":36}},"loc":{"start":{"line":61,"column":52},"end":{"line":126,"column":1}}},"2":{"name":"getFileMetadataList","decl":{"start":{"line":134,"column":15},"end":{"line":134,"column":34}},"loc":{"start":{"line":134,"column":42},"end":{"line":161,"column":1}}},"3":{"name":"saveMigrationReport","decl":{"start":{"line":168,"column":15},"end":{"line":168,"column":34}},"loc":{"start":{"line":168,"column":53},"end":{"line":172,"column":1}}}},"branchMap":{"0":{"loc":{"start":{"line":27,"column":11},"end":{"line":27,"column":49}},"type":"cond-expr","locations":[{"start":{"line":27,"column":32},"end":{"line":27,"column":42}},{"start":{"line":27,"column":45},"end":{"line":27,"column":49}}]},"1":{"loc":{"start":{"line":67,"column":4},"end":{"line":69,"column":5}},"type":"if","locations":[{"start":{"line":67,"column":4},"end":{"line":69,"column":5}},{"start":{},"end":{}}]},"2":{"loc":{"start":{"line":91,"column":12},"end":{"line":105,"column":13}},"type":"if","locations":[{"start":{"line":91,"column":12},"end":{"line":105,"column":13}},{"start":{"line":103,"column":19},"end":{"line":105,"column":13}}]},"3":{"loc":{"start":{"line":149,"column":27},"end":{"line":149,"column":140}},"type":"cond-expr","locations":[{"start":{"line":149,"column":68},"end":{"line":149,"column":133}},{"start":{"line":149,"column":136},"end":{"line":149,"column":140}}]}},"s":{"0":2,"1":2,"2":2,"3":0,"4":0,"5":2,"6":0,"7":0,"8":0,"9":0,"10":0,"11":0,"12":0,"13":0,"14":0,"15":0,"16":0,"17":0,"18":0,"19":0,"20":0,"21":0,"22":0,"23":0,"24":0,"25":0,"26":0,"27":0,"28":0,"29":0,"30":0,"31":0,"32":0,"33":0,"34":0,"35":0,"36":0,"37":0,"38":0,"39":0,"40":0,"41":0,"42":0,"43":0,"44":0,"45":0,"46":2},"f":{"0":0,"1":0,"2":0,"3":0},"b":{"0":[0,0],"1":[0,0],"2":[0,0],"3":[0,0]}}
,"/home/hate/yado/src/services/detection-service.js": {"path":"/home/hate/yado/src/services/detection-service.js","statementMap":{"0":{"start":{"line":19,"column":8},"end":{"line":19,"column":75}},"1":{"start":{"line":21,"column":8},"end":{"line":23,"column":9}},"2":{"start":{"line":22,"column":12},"end":{"line":22,"column":56}},"3":{"start":{"line":24,"column":8},"end":{"line":26,"column":9}},"4":{"start":{"line":25,"column":13},"end":{"line":25,"column":54}},"5":{"start":{"line":27,"column":8},"end":{"line":27,"column":49}},"6":{"start":{"line":37,"column":8},"end":{"line":37,"column":101}},"7":{"start":{"line":39,"column":8},"end":{"line":41,"column":9}},"8":{"start":{"line":40,"column":12},"end":{"line":40,"column":61}},"9":{"start":{"line":42,"column":8},"end":{"line":42,"column":58}},"10":{"start":{"line":46,"column":0},"end":{"line":46,"column":38}}},"fnMap":{"0":{"name":"(anonymous_0)","decl":{"start":{"line":18,"column":4},"end":{"line":18,"column":10}},"loc":{"start":{"line":18,"column":35},"end":{"line":28,"column":5}}},"1":{"name":"(anonymous_1)","decl":{"start":{"line":36,"column":4},"end":{"line":36,"column":10}},"loc":{"start":{"line":36,"column":49},"end":{"line":43,"column":5}}}},"branchMap":{"0":{"loc":{"start":{"line":21,"column":8},"end":{"line":23,"column":9}},"type":"if","locations":[{"start":{"line":21,"column":8},"end":{"line":23,"column":9}},{"start":{},"end":{}}]},"1":{"loc":{"start":{"line":21,"column":12},"end":{"line":21,"column":29}},"type":"binary-expr","locations":[{"start":{"line":21,"column":12},"end":{"line":21,"column":17}},{"start":{"line":21,"column":21},"end":{"line":21,"column":29}}]},"2":{"loc":{"start":{"line":24,"column":8},"end":{"line":26,"column":9}},"type":"if","locations":[{"start":{"line":24,"column":8},"end":{"line":26,"column":9}},{"start":{},"end":{}}]},"3":{"loc":{"start":{"line":24,"column":12},"end":{"line":24,"column":70}},"type":"binary-expr","locations":[{"start":{"line":24,"column":12},"end":{"line":24,"column":34}},{"start":{"line":24,"column":38},"end":{"line":24,"column":45}},{"start":{"line":24,"column":49},"end":{"line":24,"column":70}}]},"4":{"loc":{"start":{"line":39,"column":8},"end":{"line":41,"column":9}},"type":"if","locations":[{"start":{"line":39,"column":8},"end":{"line":41,"column":9}},{"start":{},"end":{}}]},"5":{"loc":{"start":{"line":39,"column":12},"end":{"line":39,"column":51}},"type":"binary-expr","locations":[{"start":{"line":39,"column":12},"end":{"line":39,"column":20}},{"start":{"line":39,"column":24},"end":{"line":39,"column":51}}]}},"s":{"0":4,"1":4,"2":2,"3":2,"4":1,"5":1,"6":3,"7":3,"8":1,"9":2,"10":3},"f":{"0":4,"1":3},"b":{"0":[2,2],"1":[4,3],"2":[1,1],"3":[2,1,1],"4":[1,2],"5":[3,2]}}
,"/home/hate/yado/src/utils/bsRegexParser.js": {"path":"/home/hate/yado/src/utils/bsRegexParser.js","statementMap":{"0":{"start":{"line":21,"column":18},"end":{"line":45,"column":1}},"1":{"start":{"line":22,"column":4},"end":{"line":24,"column":5}},"2":{"start":{"line":23,"column":8},"end":{"line":23,"column":20}},"3":{"start":{"line":29,"column":18},"end":{"line":29,"column":82}},"4":{"start":{"line":30,"column":18},"end":{"line":30,"column":36}},"5":{"start":{"line":32,"column":4},"end":{"line":34,"column":5}},"6":{"start":{"line":33,"column":8},"end":{"line":33,"column":20}},"7":{"start":{"line":36,"column":19},"end":{"line":36,"column":62}},"8":{"start":{"line":37,"column":25},"end":{"line":37,"column":68}},"9":{"start":{"line":39,"column":4},"end":{"line":44,"column":6}},"10":{"start":{"line":52,"column":29},"end":{"line":57,"column":1}},"11":{"start":{"line":53,"column":4},"end":{"line":55,"column":5}},"12":{"start":{"line":54,"column":8},"end":{"line":54,"column":18}},"13":{"start":{"line":56,"column":4},"end":{"line":56,"column":75}},"14":{"start":{"line":56,"column":28},"end":{"line":56,"column":41}},"15":{"start":{"line":56,"column":59},"end":{"line":56,"column":73}},"16":{"start":{"line":59,"column":0},"end":{"line":62,"column":2}}},"fnMap":{"0":{"name":"(anonymous_0)","decl":{"start":{"line":21,"column":18},"end":{"line":21,"column":19}},"loc":{"start":{"line":21,"column":28},"end":{"line":45,"column":1}}},"1":{"name":"(anonymous_1)","decl":{"start":{"line":52,"column":29},"end":{"line":52,"column":30}},"loc":{"start":{"line":52,"column":40},"end":{"line":57,"column":1}}},"2":{"name":"(anonymous_2)","decl":{"start":{"line":56,"column":22},"end":{"line":56,"column":24}},"loc":{"start":{"line":56,"column":28},"end":{"line":56,"column":41}}},"3":{"name":"(anonymous_3)","decl":{"start":{"line":56,"column":50},"end":{"line":56,"column":55}},"loc":{"start":{"line":56,"column":59},"end":{"line":56,"column":73}}}},"branchMap":{"0":{"loc":{"start":{"line":22,"column":4},"end":{"line":24,"column":5}},"type":"if","locations":[{"start":{"line":22,"column":4},"end":{"line":24,"column":5}},{"start":{},"end":{}}]},"1":{"loc":{"start":{"line":22,"column":8},"end":{"line":22,"column":43}},"type":"binary-expr","locations":[{"start":{"line":22,"column":8},"end":{"line":22,"column":14}},{"start":{"line":22,"column":18},"end":{"line":22,"column":43}}]},"2":{"loc":{"start":{"line":32,"column":4},"end":{"line":34,"column":5}},"type":"if","locations":[{"start":{"line":32,"column":4},"end":{"line":34,"column":5}},{"start":{},"end":{}}]},"3":{"loc":{"start":{"line":36,"column":19},"end":{"line":36,"column":62}},"type":"binary-expr","locations":[{"start":{"line":36,"column":19},"end":{"line":36,"column":54}},{"start":{"line":36,"column":58},"end":{"line":36,"column":62}}]},"4":{"loc":{"start":{"line":36,"column":19},"end":{"line":36,"column":54}},"type":"cond-expr","locations":[{"start":{"line":36,"column":39},"end":{"line":36,"column":41}},{"start":{"line":36,"column":39},"end":{"line":36,"column":54}}]},"5":{"loc":{"start":{"line":36,"column":19},"end":{"line":36,"column":41}},"type":"binary-expr","locations":[{"start":{"line":36,"column":19},"end":{"line":36,"column":41}},{"start":{"line":36,"column":39},"end":{"line":36,"column":41}}]},"6":{"loc":{"start":{"line":36,"column":19},"end":{"line":36,"column":39}},"type":"cond-expr","locations":[{"start":{"line":36,"column":31},"end":{"line":36,"column":33}},{"start":{"line":36,"column":31},"end":{"line":36,"column":39}}]},"7":{"loc":{"start":{"line":36,"column":19},"end":{"line":36,"column":33}},"type":"binary-expr","locations":[{"start":{"line":36,"column":19},"end":{"line":36,"column":33}},{"start":{"line":36,"column":31},"end":{"line":36,"column":33}}]},"8":{"loc":{"start":{"line":37,"column":25},"end":{"line":37,"column":68}},"type":"binary-expr","locations":[{"start":{"line":37,"column":25},"end":{"line":37,"column":60}},{"start":{"line":37,"column":64},"end":{"line":37,"column":68}}]},"9":{"loc":{"start":{"line":37,"column":25},"end":{"line":37,"column":60}},"type":"cond-expr","locations":[{"start":{"line":37,"column":45},"end":{"line":37,"column":47}},{"start":{"line":37,"column":45},"end":{"line":37,"column":60}}]},"10":{"loc":{"start":{"line":37,"column":25},"end":{"line":37,"column":47}},"type":"binary-expr","locations":[{"start":{"line":37,"column":25},"end":{"line":37,"column":47}},{"start":{"line":37,"column":45},"end":{"line":37,"column":47}}]},"11":{"loc":{"start":{"line":37,"column":25},"end":{"line":37,"column":45}},"type":"cond-expr","locations":[{"start":{"line":37,"column":37},"end":{"line":37,"column":39}},{"start":{"line":37,"column":37},"end":{"line":37,"column":45}}]},"12":{"loc":{"start":{"line":37,"column":25},"end":{"line":37,"column":39}},"type":"binary-expr","locations":[{"start":{"line":37,"column":25},"end":{"line":37,"column":39}},{"start":{"line":37,"column":37},"end":{"line":37,"column":39}}]},"13":{"loc":{"start":{"line":53,"column":4},"end":{"line":55,"column":5}},"type":"if","locations":[{"start":{"line":53,"column":4},"end":{"line":55,"column":5}},{"start":{},"end":{}}]},"14":{"loc":{"start":{"line":53,"column":8},"end":{"line":53,"column":53}},"type":"binary-expr","locations":[{"start":{"line":53,"column":8},"end":{"line":53,"column":30}},{"start":{"line":53,"column":34},"end":{"line":53,"column":53}}]}},"s":{"0":2,"1":0,"2":0,"3":0,"4":0,"5":0,"6":0,"7":0,"8":0,"9":0,"10":2,"11":0,"12":0,"13":0,"14":0,"15":0,"16":2},"f":{"0":0,"1":0,"2":0,"3":0},"b":{"0":[0,0],"1":[0,0],"2":[0,0],"3":[0,0],"4":[0,0],"5":[0,0],"6":[0,0],"7":[0,0],"8":[0,0],"9":[0,0],"10":[0,0],"11":[0,0],"12":[0,0],"13":[0,0],"14":[0,0]}}
,"/home/hate/yado/src/utils/file-system.js": {"path":"/home/hate/yado/src/utils/file-system.js","statementMap":{"0":{"start":{"line":12,"column":39},"end":{"line":12,"column":65}},"1":{"start":{"line":32,"column":4},"end":{"line":32,"column":86}},"2":{"start":{"line":34,"column":25},"end":{"line":34,"column":27}},"3":{"start":{"line":37,"column":4},"end":{"line":69,"column":5}},"4":{"start":{"line":38,"column":20},"end":{"line":38,"column":89}},"5":{"start":{"line":39,"column":23},"end":{"line":39,"column":77}},"6":{"start":{"line":40,"column":22},"end":{"line":40,"column":34}},"7":{"start":{"line":42,"column":8},"end":{"line":48,"column":9}},"8":{"start":{"line":43,"column":12},"end":{"line":43,"column":35}},"9":{"start":{"line":44,"column":15},"end":{"line":48,"column":9}},"10":{"start":{"line":45,"column":12},"end":{"line":45,"column":35}},"11":{"start":{"line":46,"column":15},"end":{"line":48,"column":9}},"12":{"start":{"line":47,"column":12},"end":{"line":47,"column":35}},"13":{"start":{"line":51,"column":27},"end":{"line":51,"column":73}},"14":{"start":{"line":52,"column":24},"end":{"line":52,"column":28}},"15":{"start":{"line":53,"column":8},"end":{"line":58,"column":9}},"16":{"start":{"line":54,"column":12},"end":{"line":54,"column":41}},"17":{"start":{"line":55,"column":12},"end":{"line":55,"column":87}},"18":{"start":{"line":57,"column":12},"end":{"line":57,"column":77}},"19":{"start":{"line":61,"column":25},"end":{"line":67,"column":10}},"20":{"start":{"line":68,"column":8},"end":{"line":68,"column":36}},"21":{"start":{"line":71,"column":4},"end":{"line":71,"column":38}},"22":{"start":{"line":80,"column":4},"end":{"line":80,"column":87}},"23":{"start":{"line":84,"column":23},"end":{"line":84,"column":65}},"24":{"start":{"line":85,"column":20},"end":{"line":85,"column":24}},"25":{"start":{"line":86,"column":4},"end":{"line":91,"column":5}},"26":{"start":{"line":87,"column":8},"end":{"line":87,"column":37}},"27":{"start":{"line":88,"column":8},"end":{"line":88,"column":79}},"28":{"start":{"line":90,"column":8},"end":{"line":90,"column":69}},"29":{"start":{"line":93,"column":4},"end":{"line":99,"column":6}},"30":{"start":{"line":102,"column":0},"end":{"line":105,"column":2}}},"fnMap":{"0":{"name":"getBatchFileMetadata","decl":{"start":{"line":31,"column":15},"end":{"line":31,"column":35}},"loc":{"start":{"line":31,"column":44},"end":{"line":72,"column":1}}},"1":{"name":"getFileMetadata","decl":{"start":{"line":79,"column":15},"end":{"line":79,"column":30}},"loc":{"start":{"line":79,"column":39},"end":{"line":100,"column":1}}}},"branchMap":{"0":{"loc":{"start":{"line":38,"column":20},"end":{"line":38,"column":89}},"type":"binary-expr","locations":[{"start":{"line":38,"column":20},"end":{"line":38,"column":52}},{"start":{"line":38,"column":56},"end":{"line":38,"column":89}}]},"1":{"loc":{"start":{"line":42,"column":8},"end":{"line":48,"column":9}},"type":"if","locations":[{"start":{"line":42,"column":8},"end":{"line":48,"column":9}},{"start":{"line":44,"column":15},"end":{"line":48,"column":9}}]},"2":{"loc":{"start":{"line":44,"column":15},"end":{"line":48,"column":9}},"type":"if","locations":[{"start":{"line":44,"column":15},"end":{"line":48,"column":9}},{"start":{"line":46,"column":15},"end":{"line":48,"column":9}}]},"3":{"loc":{"start":{"line":46,"column":15},"end":{"line":48,"column":9}},"type":"if","locations":[{"start":{"line":46,"column":15},"end":{"line":48,"column":9}},{"start":{},"end":{}}]},"4":{"loc":{"start":{"line":53,"column":8},"end":{"line":58,"column":9}},"type":"if","locations":[{"start":{"line":53,"column":8},"end":{"line":58,"column":9}},{"start":{"line":56,"column":15},"end":{"line":58,"column":9}}]},"5":{"loc":{"start":{"line":86,"column":4},"end":{"line":91,"column":5}},"type":"if","locations":[{"start":{"line":86,"column":4},"end":{"line":91,"column":5}},{"start":{"line":89,"column":11},"end":{"line":91,"column":5}}]}},"s":{"0":2,"1":0,"2":0,"3":0,"4":0,"5":0,"6":0,"7":0,"8":0,"9":0,"10":0,"11":0,"12":0,"13":0,"14":0,"15":0,"16":0,"17":0,"18":0,"19":0,"20":0,"21":0,"22":0,"23":0,"24":0,"25":0,"26":0,"27":0,"28":0,"29":0,"30":2},"f":{"0":0,"1":0},"b":{"0":[0,0],"1":[0,0],"2":[0,0],"3":[0,0],"4":[0,0],"5":[0,0]}}
}
