{"/home/hate/yado/src/services/detection-service.js": {"path":"/home/hate/yado/src/services/detection-service.js","statementMap":{"0":{"start":{"line":19,"column":8},"end":{"line":19,"column":75}},"1":{"start":{"line":21,"column":8},"end":{"line":23,"column":9}},"2":{"start":{"line":22,"column":12},"end":{"line":22,"column":56}},"3":{"start":{"line":24,"column":8},"end":{"line":26,"column":9}},"4":{"start":{"line":25,"column":13},"end":{"line":25,"column":54}},"5":{"start":{"line":27,"column":8},"end":{"line":27,"column":49}},"6":{"start":{"line":37,"column":8},"end":{"line":37,"column":101}},"7":{"start":{"line":39,"column":8},"end":{"line":41,"column":9}},"8":{"start":{"line":40,"column":12},"end":{"line":40,"column":61}},"9":{"start":{"line":42,"column":8},"end":{"line":42,"column":58}},"10":{"start":{"line":46,"column":0},"end":{"line":46,"column":38}}},"fnMap":{"0":{"name":"(anonymous_0)","decl":{"start":{"line":18,"column":4},"end":{"line":18,"column":10}},"loc":{"start":{"line":18,"column":35},"end":{"line":28,"column":5}}},"1":{"name":"(anonymous_1)","decl":{"start":{"line":36,"column":4},"end":{"line":36,"column":10}},"loc":{"start":{"line":36,"column":49},"end":{"line":43,"column":5}}}},"branchMap":{"0":{"loc":{"start":{"line":21,"column":8},"end":{"line":23,"column":9}},"type":"if","locations":[{"start":{"line":21,"column":8},"end":{"line":23,"column":9}},{"start":{},"end":{}}]},"1":{"loc":{"start":{"line":21,"column":12},"end":{"line":21,"column":29}},"type":"binary-expr","locations":[{"start":{"line":21,"column":12},"end":{"line":21,"column":17}},{"start":{"line":21,"column":21},"end":{"line":21,"column":29}}]},"2":{"loc":{"start":{"line":24,"column":8},"end":{"line":26,"column":9}},"type":"if","locations":[{"start":{"line":24,"column":8},"end":{"line":26,"column":9}},{"start":{},"end":{}}]},"3":{"loc":{"start":{"line":24,"column":12},"end":{"line":24,"column":70}},"type":"binary-expr","locations":[{"start":{"line":24,"column":12},"end":{"line":24,"column":34}},{"start":{"line":24,"column":38},"end":{"line":24,"column":45}},{"start":{"line":24,"column":49},"end":{"line":24,"column":70}}]},"4":{"loc":{"start":{"line":39,"column":8},"end":{"line":41,"column":9}},"type":"if","locations":[{"start":{"line":39,"column":8},"end":{"line":41,"column":9}},{"start":{},"end":{}}]},"5":{"loc":{"start":{"line":39,"column":12},"end":{"line":39,"column":51}},"type":"binary-expr","locations":[{"start":{"line":39,"column":12},"end":{"line":39,"column":20}},{"start":{"line":39,"column":24},"end":{"line":39,"column":51}}]}},"s":{"0":4,"1":4,"2":2,"3":2,"4":1,"5":1,"6":3,"7":3,"8":1,"9":2,"10":1},"f":{"0":4,"1":3},"b":{"0":[2,2],"1":[4,3],"2":[1,1],"3":[2,1,1],"4":[1,2],"5":[3,2]}}
}
